<?xml version="1.0" encoding="UTF-8"?>
<testsuite name="Search article about Pear on Main Page" tests="5" skipped="1" failures="2" errors="0" timestamp="2020-04-29T08:35:13" hostname="DNID0651L01.local" time="20.732">
  <properties/>
  <testcase name="User open Bulbapedia Main page" classname="Search article about Pear on Main Page" time="4.336"/>
  <testcase name="User input search &quot;Pear&quot; on home page" classname="Search article about Pear on Main Page" time="0.967"/>
  <testcase name="User click button search on home page" classname="Search article about Pear on Main Page" time="15.291">
    <failure message="org.openqa.selenium.ElementNotInteractableException: element not interactable&#10;  (Session info: chrome=81.0.4044.129)&#10;Build info: version: '3.141.59', revision: 'e82be7d358', time: '2018-11-14T08:17:03'&#10;System info: host: 'DNID0651L01.local', ip: 'fe80:0:0:0:1c9e:9069:4445:cd15%en0', os.name: 'Mac OS X', os.arch: 'x86_64', os.version: '10.15.4', java.version: '11.0.6'&#10;Driver info: org.openqa.selenium.chrome.ChromeDriver&#10;Capabilities {acceptInsecureCerts: false, browserName: chrome, browserVersion: 81.0.4044.129, chrome: {chromedriverVersion: 81.0.4044.69 (6813546031a4b..., userDataDir: /var/folders/ws/kthrtbsd3n9...}, goog:chromeOptions: {debuggerAddress: localhost:53838}, javascriptEnabled: true, networkConnectionEnabled: false, pageLoadStrategy: normal, platform: MAC, platformName: MAC, proxy: Proxy(), setWindowRect: true, strictFileInteractability: false, timeouts: {implicit: 0, pageLoad: 300000, script: 30000}, unhandledPromptBehavior: dismiss and notify, webauthn:virtualAuthenticators: true}&#10;Session ID: e2c2e9cc4e683b0a0edaa8d968eda272" type="org.openqa.selenium.ElementNotInteractableException">org.openqa.selenium.ElementNotInteractableException: element not interactable
  (Session info: chrome=81.0.4044.129)
Build info: version: '3.141.59', revision: 'e82be7d358', time: '2018-11-14T08:17:03'
System info: host: 'DNID0651L01.local', ip: 'fe80:0:0:0:1c9e:9069:4445:cd15%en0', os.name: 'Mac OS X', os.arch: 'x86_64', os.version: '10.15.4', java.version: '11.0.6'
Driver info: org.openqa.selenium.chrome.ChromeDriver
Capabilities {acceptInsecureCerts: false, browserName: chrome, browserVersion: 81.0.4044.129, chrome: {chromedriverVersion: 81.0.4044.69 (6813546031a4b..., userDataDir: /var/folders/ws/kthrtbsd3n9...}, goog:chromeOptions: {debuggerAddress: localhost:53838}, javascriptEnabled: true, networkConnectionEnabled: false, pageLoadStrategy: normal, platform: MAC, platformName: MAC, proxy: Proxy(), setWindowRect: true, strictFileInteractability: false, timeouts: {implicit: 0, pageLoad: 300000, script: 30000}, unhandledPromptBehavior: dismiss and notify, webauthn:virtualAuthenticators: true}
Session ID: e2c2e9cc4e683b0a0edaa8d968eda272
	at java.base/jdk.internal.reflect.NativeConstructorAccessorImpl.newInstance0(Native Method)
	at java.base/jdk.internal.reflect.NativeConstructorAccessorImpl.newInstance(NativeConstructorAccessorImpl.java:62)
	at java.base/jdk.internal.reflect.DelegatingConstructorAccessorImpl.newInstance(DelegatingConstructorAccessorImpl.java:45)
	at java.base/java.lang.reflect.Constructor.newInstance(Constructor.java:490)
	at org.openqa.selenium.remote.http.W3CHttpResponseCodec.createException(W3CHttpResponseCodec.java:187)
	at org.openqa.selenium.remote.http.W3CHttpResponseCodec.decode(W3CHttpResponseCodec.java:122)
	at org.openqa.selenium.remote.http.W3CHttpResponseCodec.decode(W3CHttpResponseCodec.java:49)
	at org.openqa.selenium.remote.HttpCommandExecutor.execute(HttpCommandExecutor.java:158)
	at org.openqa.selenium.remote.service.DriverCommandExecutor.execute(DriverCommandExecutor.java:83)
	at org.openqa.selenium.remote.RemoteWebDriver.execute(RemoteWebDriver.java:552)
	at org.openqa.selenium.remote.RemoteWebElement.execute(RemoteWebElement.java:285)
	at org.openqa.selenium.remote.RemoteWebElement.click(RemoteWebElement.java:84)
	at demo.pages.HomePage.clickSearch(HomePage.java:20)
	at demo.steps.WikipediaStepsDefinition.userClickButtonSearchOnHomePage(WikipediaStepsDefinition.java:37)
	at ✽.User click button search on home page(file:///Users/sihalohoo/IdeaProjects/Web_Oriani/src/test/resources/features/SearchWikipedia.feature:18)
</failure>
  </testcase>
  <testcase name="User see article with title &quot;Pear&quot; on article page" classname="Search article about Pear on Main Page" time="0.001">
    <skipped/>
  </testcase>
  <testcase name="classMethod" classname="Search article about Pear on Main Page" time="21.927">
    <failure message="org.openqa.selenium.ElementNotInteractableException: element not interactable&#10;  (Session info: chrome=81.0.4044.129)&#10;Build info: version: '3.141.59', revision: 'e82be7d358', time: '2018-11-14T08:17:03'&#10;System info: host: 'DNID0651L01.local', ip: 'fe80:0:0:0:1c9e:9069:4445:cd15%en0', os.name: 'Mac OS X', os.arch: 'x86_64', os.version: '10.15.4', java.version: '11.0.6'&#10;Driver info: org.openqa.selenium.chrome.ChromeDriver&#10;Capabilities {acceptInsecureCerts: false, browserName: chrome, browserVersion: 81.0.4044.129, chrome: {chromedriverVersion: 81.0.4044.69 (6813546031a4b..., userDataDir: /var/folders/ws/kthrtbsd3n9...}, goog:chromeOptions: {debuggerAddress: localhost:53838}, javascriptEnabled: true, networkConnectionEnabled: false, pageLoadStrategy: normal, platform: MAC, platformName: MAC, proxy: Proxy(), setWindowRect: true, strictFileInteractability: false, timeouts: {implicit: 0, pageLoad: 300000, script: 30000}, unhandledPromptBehavior: dismiss and notify, webauthn:virtualAuthenticators: true}&#10;Session ID: e2c2e9cc4e683b0a0edaa8d968eda272" type="org.openqa.selenium.ElementNotInteractableException">org.openqa.selenium.ElementNotInteractableException: element not interactable
  (Session info: chrome=81.0.4044.129)
Build info: version: '3.141.59', revision: 'e82be7d358', time: '2018-11-14T08:17:03'
System info: host: 'DNID0651L01.local', ip: 'fe80:0:0:0:1c9e:9069:4445:cd15%en0', os.name: 'Mac OS X', os.arch: 'x86_64', os.version: '10.15.4', java.version: '11.0.6'
Driver info: org.openqa.selenium.chrome.ChromeDriver
Capabilities {acceptInsecureCerts: false, browserName: chrome, browserVersion: 81.0.4044.129, chrome: {chromedriverVersion: 81.0.4044.69 (6813546031a4b..., userDataDir: /var/folders/ws/kthrtbsd3n9...}, goog:chromeOptions: {debuggerAddress: localhost:53838}, javascriptEnabled: true, networkConnectionEnabled: false, pageLoadStrategy: normal, platform: MAC, platformName: MAC, proxy: Proxy(), setWindowRect: true, strictFileInteractability: false, timeouts: {implicit: 0, pageLoad: 300000, script: 30000}, unhandledPromptBehavior: dismiss and notify, webauthn:virtualAuthenticators: true}
Session ID: e2c2e9cc4e683b0a0edaa8d968eda272
	at java.base/jdk.internal.reflect.NativeConstructorAccessorImpl.newInstance0(Native Method)
	at java.base/jdk.internal.reflect.NativeConstructorAccessorImpl.newInstance(NativeConstructorAccessorImpl.java:62)
	at java.base/jdk.internal.reflect.DelegatingConstructorAccessorImpl.newInstance(DelegatingConstructorAccessorImpl.java:45)
	at java.base/java.lang.reflect.Constructor.newInstance(Constructor.java:490)
	at org.openqa.selenium.remote.http.W3CHttpResponseCodec.createException(W3CHttpResponseCodec.java:187)
	at org.openqa.selenium.remote.http.W3CHttpResponseCodec.decode(W3CHttpResponseCodec.java:122)
	at org.openqa.selenium.remote.http.W3CHttpResponseCodec.decode(W3CHttpResponseCodec.java:49)
	at org.openqa.selenium.remote.HttpCommandExecutor.execute(HttpCommandExecutor.java:158)
	at org.openqa.selenium.remote.service.DriverCommandExecutor.execute(DriverCommandExecutor.java:83)
	at org.openqa.selenium.remote.RemoteWebDriver.execute(RemoteWebDriver.java:552)
	at org.openqa.selenium.remote.RemoteWebElement.execute(RemoteWebElement.java:285)
	at org.openqa.selenium.remote.RemoteWebElement.click(RemoteWebElement.java:84)
	at demo.pages.HomePage.clickSearch(HomePage.java:20)
	at demo.steps.WikipediaStepsDefinition.userClickButtonSearchOnHomePage(WikipediaStepsDefinition.java:37)
	at ✽.User click button search on home page(file:///Users/sihalohoo/IdeaProjects/Web_Oriani/src/test/resources/features/SearchWikipedia.feature:18)
</failure>
  </testcase>
  <system-out><![CDATA[]]></system-out>
  <system-err><![CDATA[Starting ChromeDriver 81.0.4044.69 (6813546031a4bc83f717a2ef7cd4ac6ec1199132-refs/branch-heads/4044@{#776}) on port 48809
Only local connections are allowed.
Please protect ports used by ChromeDriver and related test frameworks to prevent access by malicious code.
Apr 29, 2020 3:35:13 PM org.openqa.selenium.remote.ProtocolHandshake createSession
INFO: Detected dialect: W3C
[1588149314.861][SEVERE]: Timed out receiving message from renderer: 0.100
[1588149314.963][SEVERE]: Timed out receiving message from renderer: 0.100
[1588149315.066][SEVERE]: Timed out receiving message from renderer: 0.100
[1588149315.168][SEVERE]: Timed out receiving message from renderer: 0.100
[1588149315.269][SEVERE]: Timed out receiving message from renderer: 0.100
[1588149315.372][SEVERE]: Timed out receiving message from renderer: 0.100
[1588149315.475][SEVERE]: Timed out receiving message from renderer: 0.100
[1588149315.576][SEVERE]: Timed out receiving message from renderer: 0.100
[1588149315.677][SEVERE]: Timed out receiving message from renderer: 0.100
[1588149315.779][SEVERE]: Timed out receiving message from renderer: 0.100
[1588149315.881][SEVERE]: Timed out receiving message from renderer: 0.100
[1588149315.985][SEVERE]: Timed out receiving message from renderer: 0.100
[1588149316.299][SEVERE]: Timed out receiving message from renderer: 0.100
[1588149316.400][SEVERE]: Timed out receiving message from renderer: 0.100
[1588149316.590][SEVERE]: Timed out receiving message from renderer: 0.100
[1588149316.693][SEVERE]: Timed out receiving message from renderer: 0.100
[1588149316.794][SEVERE]: Timed out receiving message from renderer: 0.100
[1588149316.896][SEVERE]: Timed out receiving message from renderer: 0.100
[1588149317.019][SEVERE]: Timed out receiving message from renderer: 0.100
[1588149317.120][SEVERE]: Timed out receiving message from renderer: 0.100
[1588149317.222][SEVERE]: Timed out receiving message from renderer: 0.100
[1588149317.324][SEVERE]: Timed out receiving message from renderer: 0.100
[1588149317.427][SEVERE]: Timed out receiving message from renderer: 0.100
[1588149317.528][SEVERE]: Timed out receiving message from renderer: 0.100
[1588149317.630][SEVERE]: Timed out receiving message from renderer: 0.100
[1588149317.732][SEVERE]: Timed out receiving message from renderer: 0.100
[1588149317.911][SEVERE]: Timed out receiving message from renderer: 0.100
[1588149324.175][SEVERE]: Timed out receiving message from renderer: 0.100
[1588149324.277][SEVERE]: Timed out receiving message from renderer: 0.100
[1588149324.413][SEVERE]: Timed out receiving message from renderer: 0.100
[1588149324.515][SEVERE]: Timed out receiving message from renderer: 0.100
[1588149324.617][SEVERE]: Timed out receiving message from renderer: 0.100
[1588149324.720][SEVERE]: Timed out receiving message from renderer: 0.100
[1588149324.822][SEVERE]: Timed out receiving message from renderer: 0.100
[1588149325.079][SEVERE]: Timed out receiving message from renderer: 0.100
[1588149325.181][SEVERE]: Timed out receiving message from renderer: 0.100
[1588149325.285][SEVERE]: Timed out receiving message from renderer: 0.100
[1588149325.447][SEVERE]: Timed out receiving message from renderer: 0.100
[1588149325.665][SEVERE]: Timed out receiving message from renderer: 0.100
[1588149325.767][SEVERE]: Timed out receiving message from renderer: 0.100
[1588149325.868][SEVERE]: Timed out receiving message from renderer: 0.100
[1588149325.970][SEVERE]: Timed out receiving message from renderer: 0.100
[1588149326.071][SEVERE]: Timed out receiving message from renderer: 0.100
[1588149326.173][SEVERE]: Timed out receiving message from renderer: 0.100
[1588149326.276][SEVERE]: Timed out receiving message from renderer: 0.100
[1588149326.379][SEVERE]: Timed out receiving message from renderer: 0.100
[1588149326.481][SEVERE]: Timed out receiving message from renderer: 0.100
[1588149326.583][SEVERE]: Timed out receiving message from renderer: 0.100
[1588149326.684][SEVERE]: Timed out receiving message from renderer: 0.100
[1588149326.787][SEVERE]: Timed out receiving message from renderer: 0.100
[1588149326.888][SEVERE]: Timed out receiving message from renderer: 0.100
[1588149326.990][SEVERE]: Timed out receiving message from renderer: 0.100
[1588149327.092][SEVERE]: Timed out receiving message from renderer: 0.100
[1588149327.193][SEVERE]: Timed out receiving message from renderer: 0.100
[1588149327.296][SEVERE]: Timed out receiving message from renderer: 0.100
[1588149327.397][SEVERE]: Timed out receiving message from renderer: 0.100
[1588149327.498][SEVERE]: Timed out receiving message from renderer: 0.100
[1588149327.600][SEVERE]: Timed out receiving message from renderer: 0.100
[1588149327.702][SEVERE]: Timed out receiving message from renderer: 0.100
[1588149327.846][SEVERE]: Timed out receiving message from renderer: 0.100
[1588149327.948][SEVERE]: Timed out receiving message from renderer: 0.100
[1588149328.049][SEVERE]: Timed out receiving message from renderer: 0.100
[1588149328.151][SEVERE]: Timed out receiving message from renderer: 0.100
[1588149328.253][SEVERE]: Timed out receiving message from renderer: 0.100
[1588149328.472][SEVERE]: Timed out receiving message from renderer: 0.100
[1588149328.582][SEVERE]: Timed out receiving message from renderer: 0.100
[1588149328.684][SEVERE]: Timed out receiving message from renderer: 0.100
[1588149328.875][SEVERE]: Timed out receiving message from renderer: 0.100
[1588149328.977][SEVERE]: Timed out receiving message from renderer: 0.100
[1588149329.078][SEVERE]: Timed out receiving message from renderer: 0.100
[1588149329.180][SEVERE]: Timed out receiving message from renderer: 0.100
]]></system-err>
</testsuite>
